2024-07-21 17:07:372 INFO  BingoPage :27 - Click on Necessary cookies only
2024-07-21 17:07:456 INFO  TopMenuPage :19 - Click on Online Bingo
2024-07-21 17:07:801 INFO  BingoPage :22 - Getting text from Online Bingo Games
2024-07-21 17:07:250 INFO  BingoPage :27 - Click on Necessary cookies only
2024-07-21 17:07:350 INFO  TopMenuPage :19 - Click on Online Slots
2024-07-21 17:07:763 INFO  OnlineSlotsPage :17 - Getting text from Play Online Slots at Virgin Games
2024-07-21 17:07:816 INFO  BingoPage :27 - Click on Necessary cookies only
2024-07-21 17:07:906 INFO  TopMenuPage :19 - Click on Online Bingo
2024-07-21 17:07:226 INFO  BingoPage :22 - Getting text from Online Bingo Games
2024-07-21 17:07:487 INFO  BingoPage :27 - Click on Necessary cookies only
2024-07-21 17:07:603 INFO  TopMenuPage :19 - Click on Online Slots
2024-07-21 17:07:881 INFO  OnlineSlotsPage :17 - Getting text from Play Online Slots at Virgin Games
2024-07-21 17:07:976 INFO  BingoPage :27 - Click on Necessary cookies only
2024-07-21 17:07:54 INFO  TopMenuPage :19 - Click on Online Bingo
2024-07-21 17:07:387 INFO  BingoPage :22 - Getting text from Online Bingo Games
2024-07-21 17:07:758 INFO  BingoPage :27 - Click on Necessary cookies only
2024-07-21 17:07:852 INFO  TopMenuPage :19 - Click on Online Slots
2024-07-21 17:07:117 INFO  OnlineSlotsPage :17 - Getting text from Play Online Slots at Virgin Games
2024-07-21 17:07:400 INFO  BingoPage :27 - Click on Necessary cookies only
2024-07-21 17:07:476 INFO  TopMenuPage :19 - Click on Online Bingo
2024-07-21 17:07:858 INFO  BingoPage :22 - Getting text from Online Bingo Games
2024-07-21 17:07:156 INFO  BingoPage :27 - Click on Necessary cookies only
2024-07-21 17:07:289 INFO  TopMenuPage :19 - Click on Online Slots
2024-07-21 17:07:605 INFO  OnlineSlotsPage :17 - Getting text from Play Online Slots at Virgin Games
2024-07-24 15:07:821 INFO  BingoPage :27 - Click on Necessary cookies only
2024-07-24 15:07:925 INFO  TopMenuPage :19 - Click on Online Bingo
2024-07-24 15:07:152 INFO  BingoPage :22 - Getting text from Online Bingo Games
2024-07-24 15:07:774 INFO  BingoPage :27 - Click on Necessary cookies only
2024-07-24 15:07:860 INFO  TopMenuPage :19 - Click on Online Slots
2024-07-24 15:07:120 INFO  OnlineSlotsPage :17 - Getting text from Play Online Slots at Virgin Games
2024-07-25 19:07:762 INFO  BingoPage :27 - Click on Necessary cookies only
2024-07-25 19:07:837 INFO  TopMenuPage :19 - Click on Online Bingo
2024-07-25 19:07:52 INFO  BingoPage :22 - Getting text from Online Bingo Games
2024-07-25 19:07:640 INFO  BingoPage :27 - Click on Necessary cookies only
2024-07-25 19:07:689 INFO  TopMenuPage :19 - Click on Online Slots
2024-07-25 19:07:919 INFO  OnlineSlotsPage :17 - Getting text from Play Online Slots at Virgin Games
